<?xml version="1.0" encoding="UTF-8"?>
<!-- Generated by org.testng.reporters.JUnitReportReporter -->
<testsuite skipped="0" hostname="ALIENWARE15" name="com.inetBanking.Testcases.TC_AddCustomerTest_003" tests="1" failures="0" timestamp="2020-04-21T02:21:24 IST" time="9.884" errors="0">
  <testcase name="addNewCustomer" time="9.884" classname="com.inetBanking.Testcases.TC_AddCustomerTest_003"/>
</testsuite> <!-- com.inetBanking.Testcases.TC_AddCustomerTest_003 -->
