<?xml version="1.0" encoding="UTF-8"?>
<!-- Generated by org.testng.reporters.JUnitReportReporter -->
<testsuite skipped="0" hostname="ALIENWARE15" name="com.inetBanking.Testcases.TC_LoginTest_001" tests="1" failures="0" timestamp="2020-04-23T19:40:02 IST" time="7.236" errors="0">
  <testcase name="LoginTest" time="7.236" classname="com.inetBanking.Testcases.TC_LoginTest_001"/>
</testsuite> <!-- com.inetBanking.Testcases.TC_LoginTest_001 -->
